<?xml version="1.0" encoding="UTF-8"?>
<testng-results ignored="0" total="2" passed="2" failed="0" skipped="0">
  <reporter-output>
    <line>
      <![CDATA[Enter Product name]]>
    </line>
    <line>
      <![CDATA[Enter qty]]>
    </line>
    <line>
      <![CDATA[Add to cart]]>
    </line>
    <line>
      <![CDATA[Pay through Credit card]]>
    </line>
    <line>
      <![CDATA[Enter user name]]>
    </line>
    <line>
      <![CDATA[Enter pwd]]>
    </line>
    <line>
      <![CDATA[Click login button]]>
    </line>
  </reporter-output>
  <suite started-at="2022-10-26T09:57:53 IST" name="Airtel Suite" finished-at="2022-10-26T09:57:54 IST" duration-ms="69">
    <groups>
    </groups>
    <test started-at="2022-10-26T09:57:53 IST" name="Airtel Test" finished-at="2022-10-26T09:57:54 IST" duration-ms="69">
      <class name="TestNGBasics.ReporterBasics2">
        <test-method signature="createOrder()[pri:0, instance:TestNGBasics.ReporterBasics2@15bbf42f]" started-at="2022-10-26T09:57:53 IST" name="createOrder" finished-at="2022-10-26T09:57:54 IST" duration-ms="15" status="PASS">
          <reporter-output>
            <line>
              <![CDATA[Enter Product name]]>
            </line>
            <line>
              <![CDATA[Enter qty]]>
            </line>
            <line>
              <![CDATA[Add to cart]]>
            </line>
            <line>
              <![CDATA[Pay through Credit card]]>
            </line>
          </reporter-output>
        </test-method> <!-- createOrder -->
        <test-method signature="login()[pri:0, instance:TestNGBasics.ReporterBasics2@15bbf42f]" started-at="2022-10-26T09:57:54 IST" name="login" finished-at="2022-10-26T09:57:54 IST" duration-ms="2" status="PASS">
          <reporter-output>
            <line>
              <![CDATA[Enter user name]]>
            </line>
            <line>
              <![CDATA[Enter pwd]]>
            </line>
            <line>
              <![CDATA[Click login button]]>
            </line>
          </reporter-output>
        </test-method> <!-- login -->
      </class> <!-- TestNGBasics.ReporterBasics2 -->
    </test> <!-- Airtel Test -->
  </suite> <!-- Airtel Suite -->
</testng-results>
